{"/home/jason/Documents/projects/bird-sightings-map/src/hooks/useMatchMedia.js": {"path":"/home/jason/Documents/projects/bird-sightings-map/src/hooks/useMatchMedia.js","statementMap":{"0":{"start":{"line":3,"column":29},"end":{"line":26,"column":1}},"1":{"start":{"line":4,"column":38},"end":{"line":4,"column":60}},"2":{"start":{"line":5,"column":2},"end":{"line":23,"column":18}},"3":{"start":{"line":6,"column":20},"end":{"line":6,"column":49}},"4":{"start":{"line":7,"column":4},"end":{"line":7,"column":34}},"5":{"start":{"line":8,"column":21},"end":{"line":10,"column":5}},"6":{"start":{"line":9,"column":6},"end":{"line":9,"column":36}},"7":{"start":{"line":11,"column":4},"end":{"line":15,"column":5}},"8":{"start":{"line":12,"column":6},"end":{"line":12,"column":50}},"9":{"start":{"line":14,"column":6},"end":{"line":14,"column":40}},"10":{"start":{"line":16,"column":4},"end":{"line":22,"column":5}},"11":{"start":{"line":17,"column":6},"end":{"line":21,"column":7}},"12":{"start":{"line":18,"column":8},"end":{"line":18,"column":62}},"13":{"start":{"line":20,"column":8},"end":{"line":20,"column":52}},"14":{"start":{"line":25,"column":2},"end":{"line":25,"column":19}}},"fnMap":{"0":{"name":"(anonymous_0)","decl":{"start":{"line":3,"column":29},"end":{"line":3,"column":30}},"loc":{"start":{"line":3,"column":59},"end":{"line":26,"column":1}},"line":3},"1":{"name":"(anonymous_1)","decl":{"start":{"line":5,"column":12},"end":{"line":5,"column":13}},"loc":{"start":{"line":5,"column":18},"end":{"line":23,"column":3}},"line":5},"2":{"name":"(anonymous_2)","decl":{"start":{"line":8,"column":21},"end":{"line":8,"column":22}},"loc":{"start":{"line":8,"column":34},"end":{"line":10,"column":5}},"line":8},"3":{"name":"(anonymous_3)","decl":{"start":{"line":16,"column":11},"end":{"line":16,"column":12}},"loc":{"start":{"line":16,"column":17},"end":{"line":22,"column":5}},"line":16}},"branchMap":{"0":{"loc":{"start":{"line":11,"column":4},"end":{"line":15,"column":5}},"type":"if","locations":[{"start":{"line":11,"column":4},"end":{"line":15,"column":5}},{"start":{"line":13,"column":11},"end":{"line":15,"column":5}}],"line":11},"1":{"loc":{"start":{"line":17,"column":6},"end":{"line":21,"column":7}},"type":"if","locations":[{"start":{"line":17,"column":6},"end":{"line":21,"column":7}},{"start":{"line":19,"column":13},"end":{"line":21,"column":7}}],"line":17}},"s":{"0":0,"1":0,"2":0,"3":0,"4":0,"5":0,"6":0,"7":0,"8":0,"9":0,"10":0,"11":0,"12":0,"13":0,"14":0},"f":{"0":0,"1":0,"2":0,"3":0},"b":{"0":[0,0],"1":[0,0]}}
,"/home/jason/Documents/projects/bird-sightings-map/src/recoil/atom.js": {"path":"/home/jason/Documents/projects/bird-sightings-map/src/recoil/atom.js","statementMap":{"0":{"start":{"line":3,"column":19},"end":{"line":6,"column":2}},"1":{"start":{"line":8,"column":23},"end":{"line":11,"column":2}},"2":{"start":{"line":13,"column":23},"end":{"line":19,"column":2}},"3":{"start":{"line":16,"column":20},"end":{"line":16,"column":35}},"4":{"start":{"line":17,"column":4},"end":{"line":17,"column":45}},"5":{"start":{"line":17,"column":33},"end":{"line":17,"column":44}}},"fnMap":{"0":{"name":"(anonymous_0)","decl":{"start":{"line":15,"column":7},"end":{"line":15,"column":8}},"loc":{"start":{"line":15,"column":20},"end":{"line":18,"column":3}},"line":15},"1":{"name":"(anonymous_1)","decl":{"start":{"line":17,"column":26},"end":{"line":17,"column":27}},"loc":{"start":{"line":17,"column":33},"end":{"line":17,"column":44}},"line":17}},"branchMap":{},"s":{"0":0,"1":0,"2":0,"3":0,"4":0,"5":0},"f":{"0":0,"1":0},"b":{}}
,"/home/jason/Documents/projects/bird-sightings-map/src/utils/devMarkers.js": {"path":"/home/jason/Documents/projects/bird-sightings-map/src/utils/devMarkers.js","statementMap":{"0":{"start":{"line":1,"column":19},"end":{"line":2502,"column":1}}},"fnMap":{},"branchMap":{},"s":{"0":0},"f":{},"b":{}}
}
